0 info it worked if it ends with ok
1 verbose cli [ 'C:\\Program Files\\nodejs\\node.exe',
1 verbose cli   'C:\\Program Files\\nodejs\\node_modules\\npm\\bin\\npm-cli.js',
1 verbose cli   'install',
1 verbose cli   'n',
1 verbose cli   'stable' ]
2 info using npm@3.3.12
3 info using node@v5.5.0
4 silly loadCurrentTree Starting
5 silly install loadCurrentTree
6 silly install readLocalPackageData
7 silly fetchPackageMetaData n
8 silly fetchPackageMetaData stable
9 silly fetchNamedPackageData n
10 silly mapToRegistry name n
11 silly mapToRegistry using default registry
12 silly mapToRegistry registry https://registry.npmjs.org/
13 silly mapToRegistry uri https://registry.npmjs.org/n
14 silly fetchNamedPackageData stable
15 silly mapToRegistry name stable
16 silly mapToRegistry using default registry
17 silly mapToRegistry registry https://registry.npmjs.org/
18 silly mapToRegistry uri https://registry.npmjs.org/stable
19 verbose request uri https://registry.npmjs.org/stable
20 verbose request no auth needed
21 info attempt registry request try #1 at 10:51:14 AM
22 verbose request id 55800b5f8551751f
23 verbose etag W/"5342a5de-226c"
24 verbose lastModified Mon, 07 Apr 2014 13:19:26 GMT
25 http request GET https://registry.npmjs.org/stable
26 verbose request uri https://registry.npmjs.org/n
27 verbose request no auth needed
28 info attempt registry request try #1 at 10:51:14 AM
29 verbose etag "582cf8e5-f9c4"
30 http request GET https://registry.npmjs.org/n
31 http 304 https://registry.npmjs.org/stable
32 verbose headers { date: 'Thu, 17 Nov 2016 15:51:14 GMT',
32 verbose headers   via: '1.1 varnish',
32 verbose headers   'cache-control': 'max-age=300',
32 verbose headers   etag: 'W/"5342a5de-226c"',
32 verbose headers   age: '80',
32 verbose headers   connection: 'keep-alive',
32 verbose headers   'x-served-by': 'cache-atl6235-ATL',
32 verbose headers   'x-cache': 'HIT',
32 verbose headers   'x-cache-hits': '106',
32 verbose headers   'x-timer': 'S1479397874.883319,VS0,VE0',
32 verbose headers   vary: 'Accept-Encoding' }
33 silly get cb [ 304,
33 silly get   { date: 'Thu, 17 Nov 2016 15:51:14 GMT',
33 silly get     via: '1.1 varnish',
33 silly get     'cache-control': 'max-age=300',
33 silly get     etag: 'W/"5342a5de-226c"',
33 silly get     age: '80',
33 silly get     connection: 'keep-alive',
33 silly get     'x-served-by': 'cache-atl6235-ATL',
33 silly get     'x-cache': 'HIT',
33 silly get     'x-cache-hits': '106',
33 silly get     'x-timer': 'S1479397874.883319,VS0,VE0',
33 silly get     vary: 'Accept-Encoding' } ]
34 verbose etag https://registry.npmjs.org/stable from cache
35 verbose get saving stable to C:\Users\thomas\AppData\Roaming\npm-cache\registry.npmjs.org\stable\.cache.json
36 http 304 https://registry.npmjs.org/n
37 verbose headers { date: 'Thu, 17 Nov 2016 15:51:14 GMT',
37 verbose headers   via: '1.1 varnish',
37 verbose headers   'cache-control': 'max-age=300',
37 verbose headers   etag: '"582cf8e5-f9c4"',
37 verbose headers   age: '11',
37 verbose headers   connection: 'keep-alive',
37 verbose headers   'x-served-by': 'cache-atl6224-ATL',
37 verbose headers   'x-cache': 'HIT',
37 verbose headers   'x-cache-hits': '1',
37 verbose headers   'x-timer': 'S1479397874.886883,VS0,VE0',
37 verbose headers   vary: 'Accept-Encoding' }
38 silly get cb [ 304,
38 silly get   { date: 'Thu, 17 Nov 2016 15:51:14 GMT',
38 silly get     via: '1.1 varnish',
38 silly get     'cache-control': 'max-age=300',
38 silly get     etag: '"582cf8e5-f9c4"',
38 silly get     age: '11',
38 silly get     connection: 'keep-alive',
38 silly get     'x-served-by': 'cache-atl6224-ATL',
38 silly get     'x-cache': 'HIT',
38 silly get     'x-cache-hits': '1',
38 silly get     'x-timer': 'S1479397874.886883,VS0,VE0',
38 silly get     vary: 'Accept-Encoding' } ]
39 verbose etag https://registry.npmjs.org/n from cache
40 verbose get saving n to C:\Users\thomas\AppData\Roaming\npm-cache\registry.npmjs.org\n\.cache.json
41 silly install normalizeTree
42 silly loadCurrentTree Finishing
43 silly loadIdealTree Starting
44 silly install loadIdealTree
45 silly cloneCurrentTree Starting
46 silly install cloneCurrentTreeToIdealTree
47 silly cloneCurrentTree Finishing
48 silly loadShrinkwrap Starting
49 silly install loadShrinkwrap
50 silly loadShrinkwrap Finishing
51 silly loadAllDepsIntoIdealTree Starting
52 silly install loadAllDepsIntoIdealTree
53 silly rollbackFailedOptional Starting
54 silly rollbackFailedOptional Finishing
55 silly runTopLevelLifecycles Starting
56 silly runTopLevelLifecycles Finishing
57 silly install printInstalled
58 verbose stack Error: Unsupported
58 verbose stack     at checkPlatform (C:\Program Files\nodejs\node_modules\npm\node_modules\npm-install-checks\index.js:46:14)
58 verbose stack     at Array.<anonymous> (C:\Program Files\nodejs\node_modules\npm\node_modules\slide\lib\bind-actor.js:15:8)
58 verbose stack     at LOOP (C:\Program Files\nodejs\node_modules\npm\node_modules\slide\lib\chain.js:15:14)
58 verbose stack     at C:\Program Files\nodejs\node_modules\npm\node_modules\slide\lib\chain.js:18:7
58 verbose stack     at checkEngine (C:\Program Files\nodejs\node_modules\npm\node_modules\npm-install-checks\index.js:25:10)
58 verbose stack     at Array.<anonymous> (C:\Program Files\nodejs\node_modules\npm\node_modules\slide\lib\bind-actor.js:15:8)
58 verbose stack     at LOOP (C:\Program Files\nodejs\node_modules\npm\node_modules\slide\lib\chain.js:15:14)
58 verbose stack     at chain (C:\Program Files\nodejs\node_modules\npm\node_modules\slide\lib\chain.js:20:5)
58 verbose stack     at module.exports.isInstallable (C:\Program Files\nodejs\node_modules\npm\lib\install\validate-args.js:26:3)
58 verbose stack     at Array.<anonymous> (C:\Program Files\nodejs\node_modules\npm\node_modules\slide\lib\bind-actor.js:15:8)
59 verbose pkgid n@2.1.4
60 verbose cwd C:\Users\thomas\stockyier
61 error Windows_NT 6.1.7601
62 error argv "C:\\Program Files\\nodejs\\node.exe" "C:\\Program Files\\nodejs\\node_modules\\npm\\bin\\npm-cli.js" "install" "n" "stable"
63 error node v5.5.0
64 error npm  v3.3.12
65 error code EBADPLATFORM
66 error notsup Unsupported
66 error notsup Not compatible with your operating system or architecture: n@2.1.4
66 error notsup Valid OS:    !win32
66 error notsup Valid Arch:  any
66 error notsup Actual OS:   win32
66 error notsup Actual Arch: x64
67 verbose exit [ 1, true ]
